<?xml version="1.0" encoding="UTF-8" ?>
<testsuite tests="4" failures="0" name="pl.Vorpack.app.Domain.ClientTest" time="0.005" errors="0" skipped="0">
  <properties>
[...]
</properties>
  <testcase classname="pl.Vorpack.app.Domain.ClientTest" name="getClient_id" time="0.005"/>
  <testcase classname="pl.Vorpack.app.Domain.ClientTest" name="setClient_id" time="0"/>
  <testcase classname="pl.Vorpack.app.Domain.ClientTest" name="setFirmName" time="0"/>
  <testcase classname="pl.Vorpack.app.Domain.ClientTest" name="getFirmName" time="0"/>
</testsuite>